<?xml version="1.0" encoding="utf-8"?><testsuites name="pytest tests"><testsuite name="pytest" errors="0" failures="0" skipped="0" tests="11" time="4.672" timestamp="2026-09-05T09:08:22.741634+00:00" hostname="agent-env-1308ef33-e98d-469a-98e3-edb978a73a4c"><testcase classname="tests.test_bugfixes_iter3.TestUploadAndPatch" name="test_upload_requires_admin" time="1.288" /><testcase classname="tests.test_bugfixes_iter3.TestUploadAndPatch" name="test_upload_unauthenticated" time="0.078" /><testcase classname="tests.test_bugfixes_iter3.TestDeleteDuelReclaimsPoints" name="test_delete_finished_duel_reclaims_correct_points" time="2.366" /><testcase classname="tests.test_bugfixes_iter3.TestUploadAndPatch" name="test_upload_rejects_non_image" time="0.360" /><testcase classname="tests.test_bugfixes_iter3.TestUploadAndPatch" name="test_upload_and_serve_image" time="0.872" /><testcase classname="tests.test_bugfixes_iter3.TestDeleteDuelReclaimsPoints" name="test_delete_open_duel_no_points_change" time="0.416" /><testcase classname="tests.test_bugfixes_iter3.TestUploadAndPatch" name="test_patch_duel_updates_shooter_images" time="1.295" /><testcase classname="tests.test_bugfixes_iter3.TestDeleteDuelReclaimsPoints" name="test_delete_wrong_tip_does_not_deduct" time="0.433" /><testcase classname="tests.test_bugfixes_iter3.TestDuelStatusFilterForTabs" name="test_open_and_finished_status_filters" time="0.592" /><testcase classname="tests.test_bugfixes_iter3.TestUploadAndPatch" name="test_patch_duel_requires_admin" time="0.228" /><testcase classname="tests.test_bugfixes_iter3.TestUploadAndPatch" name="test_patch_nonexistent_duel_returns_404" time="0.076" /></testsuite></testsuites>