<?xml version="1.0" encoding="utf-8"?><testsuites name="pytest tests"><testsuite name="pytest" errors="0" failures="2" skipped="0" tests="29" time="6.468" timestamp="2026-09-04T18:03:59.667943+00:00" hostname="agent-env-1308ef33-e98d-469a-98e3-edb978a73a4c"><testcase classname="tests.backend_test.TestAuth" name="test_register_returns_token_and_user" time="1.135" /><testcase classname="tests.backend_test.TestTipsAndResults" name="test_tip_requires_auth" time="1.200" /><testcase classname="tests.backend_test.TestAuth" name="test_register_duplicate_email" time="0.567" /><testcase classname="tests.backend_test.TestTipsAndResults" name="test_invalid_pick_rejected" time="0.567" /><testcase classname="tests.backend_test.TestAuth" name="test_register_short_password_rejected" time="0.128" /><testcase classname="tests.backend_test.TestTipsAndResults" name="test_place_tip_increments_count" time="0.180" /><testcase classname="tests.backend_test.TestAuth" name="test_register_invalid_email_rejected" time="0.065" /><testcase classname="tests.backend_test.TestAuth" name="test_login_success" time="0.337" /><testcase classname="tests.backend_test.TestTipsAndResults" name="test_change_tip_moves_count" time="0.600" /><testcase classname="tests.backend_test.TestAuth" name="test_login_case_insensitive_email" time="0.307" /><testcase classname="tests.backend_test.TestAuth" name="test_login_wrong_password" time="0.305" /><testcase classname="tests.backend_test.TestTipsAndResults" name="test_result_requires_admin" time="0.294" /><testcase classname="tests.backend_test.TestTipsAndResults" name="test_invalid_outcome_rejected" time="0.076" /><testcase classname="tests.backend_test.TestAuth" name="test_me_requires_auth" time="0.084" /><testcase classname="tests.backend_test.TestTipsAndResults" name="test_result_awards_points_and_updates_leaderboard" time="0.352" /><testcase classname="tests.backend_test.TestAuth" name="test_me_invalid_token" time="0.068" /><testcase classname="tests.backend_test.TestAuth" name="test_me_returns_profile" time="0.065" /><testcase classname="tests.backend_test.TestAuth" name="test_bcrypt_hash_format" time="0.069" /><testcase classname="tests.backend_test.TestDuels" name="test_list_duels_public" time="0.093" /><testcase classname="tests.backend_test.TestDuels" name="test_list_duels_status_filter" time="0.064" /><testcase classname="tests.backend_test.TestTipsAndResults" name="test_cannot_tip_finished_duel" time="0.077" /><testcase classname="tests.backend_test.TestDuels" name="test_create_duel_requires_admin" time="0.091" /><testcase classname="tests.backend_test.TestTipsAndResults" name="test_result_correction_reverses_points" time="0.474" /><testcase classname="tests.backend_test.TestDuels" name="test_create_duel_unauthenticated" time="0.063" /><testcase classname="tests.backend_test.TestDuels" name="test_create_and_delete_duel" time="0.682" /><testcase classname="tests.backend_test.TestEdgeCases" name="test_bad_objectid_duel_tip" time="0.074"><failure message="AssertionError: got 500: Internal Server Error&#10;assert 500 in (400, 404, 422)&#10; +  where 500 = &lt;Response [500]&gt;.status_code">self = &lt;backend_test.TestEdgeCases object at 0xfd4576d2d990&gt;
user_headers = {'Authorization': 'Bearer eyJhbGciOiJIUzI1NiIsInR5cCI6IkpXVCJ9.eyJzdWIiOiI2YTliMDgxMWQ0ZTJmNTQ1NTFlNzgzYTciLCJlbWFpbCI...lc3RfNWE3NGI4N2VAdGVzdC5ubyIsImV4cCI6MTc4OTE0OTg0MSwidHlwZSI6ImFjY2VzcyJ9.uX3Ed-cDQah6y_BSQFlHUsZkIuZkGGHGCX7CoKWOtJE'}

    def test_bad_objectid_duel_tip(self, user_headers):
        r = requests.post(f"{API}/duels/not-an-objectid/tip", headers=user_headers,
                          json={"pick": "1"}, timeout=30)
&gt;       assert r.status_code in (400, 404, 422), f"got {r.status_code}: {r.text[:200]}"
E       AssertionError: got 500: Internal Server Error
E       assert 500 in (400, 404, 422)
E        +  where 500 = &lt;Response [500]&gt;.status_code

tests/backend_test.py:283: AssertionError</failure></testcase><testcase classname="tests.backend_test.TestEdgeCases" name="test_result_nonexistent_duel" time="0.071" /><testcase classname="tests.backend_test.TestEdgeCases" name="test_my_tips_requires_auth" time="0.070" /><testcase classname="tests.backend_test.TestEdgeCases" name="test_brute_force_lockout" time="1.813"><failure message="AssertionError: no rate limiting/lockout observed, codes=[401, 401, 401, 401, 401, 401]&#10;assert 429 in [401, 401, 401, 401, 401, 401]">self = &lt;backend_test.TestEdgeCases object at 0xfd4576d2edd0&gt;
test_user = {'email': 'TEST_5a74b87e@test.no', 'password': 'test123', 'token': 'eyJhbGciOiJIUzI1NiIsInR5cCI6IkpXVCJ9.eyJzdWIiOiI2Y...CI6MTc4OTE0OTg0MSwidHlwZSI6ImFjY2VzcyJ9.uX3Ed-cDQah6y_BSQFlHUsZkIuZkGGHGCX7CoKWOtJE', 'id': '6a9b0811d4e2f54551e783a7'}

    def test_brute_force_lockout(self, test_user):
        """Playbook: expect lockout after 5 failed logins (informational)."""
        codes = []
        for _ in range(6):
            codes.append(requests.post(f"{API}/auth/login", json={
                "email": test_user["email"], "password": "bad"}, timeout=30).status_code)
&gt;       assert 429 in codes, f"no rate limiting/lockout observed, codes={codes}"
E       AssertionError: no rate limiting/lockout observed, codes=[401, 401, 401, 401, 401, 401]
E       assert 429 in [401, 401, 401, 401, 401, 401]

tests/backend_test.py:299: AssertionError</failure></testcase></testsuite></testsuites>