<?xml version="1.0" encoding="utf-8"?><testsuites name="pytest tests"><testsuite name="pytest" errors="0" failures="1" skipped="0" tests="45" time="10.728" timestamp="2026-09-04T18:36:03.919925+00:00" hostname="agent-env-1308ef33-e98d-469a-98e3-edb978a73a4c"><testcase classname="tests.backend_test.TestAuth" name="test_register_returns_token_and_user" time="1.002" /><testcase classname="tests.backend_test.TestTipsAndResults" name="test_tip_requires_auth" time="1.070" /><testcase classname="tests.backend_test.TestAuth" name="test_register_duplicate_email" time="0.567" /><testcase classname="tests.backend_test.TestTipsAndResults" name="test_invalid_pick_rejected" time="0.579" /><testcase classname="tests.backend_test.TestAuth" name="test_register_short_password_rejected" time="0.110" /><testcase classname="tests.backend_test.TestTipsAndResults" name="test_place_tip_increments_count" time="0.380" /><testcase classname="tests.backend_test.TestAuth" name="test_register_invalid_email_rejected" time="0.060" /><testcase classname="tests.backend_test.TestAuth" name="test_login_success" time="0.286" /><testcase classname="tests.backend_test.TestAuth" name="test_login_case_insensitive_email" time="0.308" /><testcase classname="tests.backend_test.TestTipsAndResults" name="test_change_tip_moves_count" time="0.715" /><testcase classname="tests.backend_test.TestAuth" name="test_login_wrong_password" time="0.278" /><testcase classname="tests.backend_test.TestAuth" name="test_me_requires_auth" time="0.078" /><testcase classname="tests.backend_test.TestAuth" name="test_me_invalid_token" time="0.107" /><testcase classname="tests.backend_test.TestTipsAndResults" name="test_result_requires_admin" time="0.102" /><testcase classname="tests.backend_test.TestAuth" name="test_me_returns_profile" time="0.076" /><testcase classname="tests.backend_test.TestTipsAndResults" name="test_invalid_outcome_rejected" time="0.060" /><testcase classname="tests.backend_test.TestAuth" name="test_bcrypt_hash_format" time="0.073" /><testcase classname="tests.backend_test.TestTipsAndResults" name="test_result_awards_points_and_updates_leaderboard" time="0.786" /><testcase classname="tests.test_tournaments.TestTournamentCrud" name="test_create_and_list_tournament" time="0.433" /><testcase classname="tests.test_tournaments.TestTournamentCrud" name="test_create_tournament_requires_admin" time="0.358" /><testcase classname="tests.backend_test.TestTipsAndResults" name="test_cannot_tip_finished_duel" time="0.072" /><testcase classname="tests.test_tournaments.TestTournamentCrud" name="test_create_tournament_unauthenticated" time="0.102" /><testcase classname="tests.backend_test.TestTipsAndResults" name="test_result_correction_reverses_points" time="0.334" /><testcase classname="tests.test_tournaments.TestTournamentCrud" name="test_tournament_detail_404_and_invalid_id" time="0.127" /><testcase classname="tests.test_tournaments.TestTournamentCrud" name="test_duel_count_and_name_propagation" time="0.332" /><testcase classname="tests.backend_test.TestDuels" name="test_list_duels_public" time="0.064" /><testcase classname="tests.backend_test.TestDuels" name="test_list_duels_status_filter" time="0.058" /><testcase classname="tests.backend_test.TestDuels" name="test_create_duel_requires_admin" time="0.063" /><testcase classname="tests.backend_test.TestDuels" name="test_create_duel_unauthenticated" time="0.058" /><testcase classname="tests.test_tournaments.TestTournamentCrud" name="test_filter_duels_by_tournament" time="0.196" /><testcase classname="tests.backend_test.TestDuels" name="test_create_and_delete_duel" time="0.358" /><testcase classname="tests.test_tournaments.TestTournamentCrud" name="test_delete_tournament_detaches_duels" time="0.339" /><testcase classname="tests.backend_test.TestEdgeCases" name="test_bad_objectid_duel_tip" time="0.080" /><testcase classname="tests.backend_test.TestEdgeCases" name="test_result_nonexistent_duel" time="0.064" /><testcase classname="tests.test_tournaments.TestTournamentCrud" name="test_delete_tournament_requires_admin" time="0.352" /><testcase classname="tests.backend_test.TestEdgeCases" name="test_my_tips_requires_auth" time="0.058" /><testcase classname="tests.backend_test.TestEdgeCases" name="test_brute_force_lockout" time="2.113"><failure message="AssertionError: no rate limiting/lockout observed, codes=[401, 401, 401, 401, 401, 401]&#10;assert 429 in [401, 401, 401, 401, 401, 401]">E   AssertionError: no rate limiting/lockout observed, codes=[401, 401, 401, 401, 401, 401]
    assert 429 in [401, 401, 401, 401, 401, 401]</failure></testcase><testcase classname="tests.test_tournaments.TestSeasonStandings" name="test_standings_ranking_and_winner" time="1.549" /><testcase classname="tests.test_tournaments.TestSeasonStandings" name="test_winner_hidden_while_duel_unfinished" time="0.984" /><testcase classname="tests.test_tournaments.TestShooterProfile" name="test_shooter_profile_record_and_duels" time="0.891" /><testcase classname="tests.test_tournaments.TestSeasonStandings" name="test_admin_excluded_from_standings" time="0.249" /><testcase classname="tests.test_tournaments.TestShooterProfile" name="test_unknown_shooter_returns_empty" time="0.075" /><testcase classname="tests.test_tournaments.TestSeasonStandings" name="test_empty_tournament_standings" time="0.162" /><testcase classname="tests.test_tournaments.TestShooterProfile" name="test_shooter_name_with_space_urlencoded" time="0.665" /><testcase classname="tests.test_tournaments.TestScoring" name="test_one_point_per_correct_tip" time="2.035" /></testsuite></testsuites>